<?xml version="1.0" encoding="UTF-8"?>
<testsuite name="dungeon.RoomTest" tests="1" skipped="0" failures="0" errors="0" timestamp="2021-04-10T16:37:49" hostname="Jochens-MBP" time="0.334">
  <properties/>
  <testcase name="testCreateRoom" classname="dungeon.RoomTest" time="0.334"/>
  <system-out><![CDATA[]]></system-out>
  <system-err><![CDATA[]]></system-err>
</testsuite>
